<?xml version="1.0" encoding="UTF-8"?>
<!-- Generated by org.testng.reporters.JUnitReportReporter -->
<testsuite hostname="DESKTOP-281P9LJ" failures="0" tests="5" name="testCases.TC003_LoginDDT" time="22.293" errors="0" timestamp="2025-08-20T14:12:25 IST" skipped="0">
  <testcase classname="testCases.TC003_LoginDDT" name="verify_LoginDDT" time="4.414"/>
  <testcase classname="testCases.TC003_LoginDDT" name="verify_LoginDDT" time="4.299"/>
  <testcase classname="testCases.TC003_LoginDDT" name="verify_LoginDDT" time="4.392"/>
  <testcase classname="testCases.TC003_LoginDDT" name="verify_LoginDDT" time="3.948"/>
  <testcase classname="testCases.TC003_LoginDDT" name="verify_LoginDDT" time="5.240"/>
</testsuite> <!-- testCases.TC003_LoginDDT -->
