<?xml version="1.0" encoding="UTF-8"?>
<!-- Generated by org.testng.reporters.JUnitReportReporter -->
<testsuite hostname="DESKTOP-281P9LJ" failures="0" tests="1" name="testCases.TC002_loginPage" time="3.873" errors="0" timestamp="2025-08-21T15:09:07 IST" skipped="0">
  <testcase classname="testCases.TC002_loginPage" name="verify_login" time="3.873"/>
</testsuite> <!-- testCases.TC002_loginPage -->
