<?xml version="1.0" encoding="UTF-8"?>
<!-- Generated by org.testng.reporters.JUnitReportReporter -->
<testsuite hostname="DESKTOP-281P9LJ" failures="0" tests="1" name="testCases.TC001_RegPage" time="3.373" errors="0" timestamp="2025-08-20T14:12:25 IST" skipped="0">
  <testcase classname="testCases.TC001_RegPage" name="verify_account_registration" time="3.373"/>
</testsuite> <!-- testCases.TC001_RegPage -->
