<?xml version="1.0" encoding="UTF-8"?>
<!-- Generated by org.testng.reporters.JUnitReportReporter -->
<testsuite hostname="DESKTOP-281P9LJ" failures="0" tests="5" name="testCases.TC003_LoginDDT" time="20.229" errors="0" timestamp="2025-08-21T15:09:07 IST" skipped="0">
  <testcase classname="testCases.TC003_LoginDDT" name="verify_LoginDDT" time="4.417"/>
  <testcase classname="testCases.TC003_LoginDDT" name="verify_LoginDDT" time="3.857"/>
  <testcase classname="testCases.TC003_LoginDDT" name="verify_LoginDDT" time="3.659"/>
  <testcase classname="testCases.TC003_LoginDDT" name="verify_LoginDDT" time="3.736"/>
  <testcase classname="testCases.TC003_LoginDDT" name="verify_LoginDDT" time="4.560"/>
</testsuite> <!-- testCases.TC003_LoginDDT -->
