<?xml version="1.0" encoding="UTF-8"?>
<!-- Generated by org.testng.reporters.JUnitReportReporter -->
<testsuite hostname="DESKTOP-281P9LJ" failures="0" tests="1" name="testCases.TC004_SearchTest" time="3.299" errors="0" timestamp="2025-08-20T14:12:25 IST" skipped="0">
  <testcase classname="testCases.TC004_SearchTest" name="verify_search" time="3.299"/>
</testsuite> <!-- testCases.TC004_SearchTest -->
